/media/disk/02drive/Kitti_dataset/kitti/training/velodyne/000008.bin
[[  8.141396     1.2226919   -0.79525304   3.688341     1.5722915
    1.5653205    2.8325899 ]
 [ 14.77201     -1.0718807   -0.8004169    3.7047122    1.5845484
    1.497558     5.9775968 ]
 [  3.9634326    2.7050865   -0.8177795    3.3776133    1.5760554
    1.5207478    6.014698  ]
 [  6.511965    -3.858082    -1.0622004    2.9915242    1.5061048
    1.4461789    5.9795566 ]
 [ 33.569042    -7.119343    -0.43538257   4.215993     1.7377414
    1.8079994    2.8447304 ]
 [ 28.723438    -1.4123834   -0.39786896   3.9203224    1.5949286
    1.5220668    1.2687176 ]
 [ 24.977798   -10.248514    -0.9840022    3.8243802    1.6241448
    1.4780658    5.8082128 ]
 [ 20.46648     -8.580314    -0.9287716    3.1055076    1.5868654
    1.5304326    5.885019  ]
 [ 40.949352    -9.791089    -0.5536016    3.7893977    1.6185497
    1.6179222    5.9690475 ]
 [ 55.426514   -20.237097    -0.51761115   4.1083803    1.6712136
    1.5501697    2.7863874 ]
 [ 33.593067   -15.429335    -0.45383644   1.8413593    0.56726855
    1.8567963    2.7253695 ]
 [ 40.58296     -7.106553    -0.48706117   0.79575497   0.5795432
    1.7585548    6.070338  ]
 [ 18.638153     0.2837655   -0.6891607    0.5672595    0.6603825
    1.6881816    4.3122025 ]
 [ 16.95211      8.340707     0.22144413   4.26188      1.7012553
    1.6222177    1.2441415 ]
 [ 30.573086    -3.7411304   -0.40215802   1.8980615    0.5076565
    1.735004     6.1282825 ]]
[0.9988949  0.9984492  0.9983438  0.98511314 0.95740396 0.9471981
 0.9471978  0.88167024 0.8762279  0.7330435  0.69489557 0.66088635
 0.47786915 0.42848945 0.33849624]
[1 1 1 1 1 1 1 1 1 1 3 2 2 1 3]
