/media/disk/02drive/Kitti_dataset/kitti/training/velodyne/000008.bin
[[ 14.69093     -1.0623295   -0.7959501    3.6645696    1.5691426
    1.4614604    5.9824986 ]
 [  8.1127       1.2230068   -0.817409     3.5738907    1.5591216
    1.5635189    2.8324714 ]
 [  6.4714127   -3.8882978   -1.0558555    3.0952458    1.4401248
    1.4431396    5.982724  ]
 [  3.9772172    2.6984074   -0.8621778    3.359238     1.5820711
    1.5254998    6.0309644 ]
 [ 33.727158    -7.080483    -0.42998192   4.3149242    1.765964
    1.789934     2.8729858 ]
 [ 20.198545    -8.4747715   -0.93809325   2.37323      1.4990814
    1.5359107    5.9074006 ]
 [ 40.989845    -9.813887    -0.5537088    3.9528375    1.6538405
    1.6438881    5.9127927 ]
 [ 24.97825    -10.272479    -0.9777196    3.8092299    1.6659222
    1.4832379    5.855532  ]
 [ 28.71357     -1.5947583   -0.29112974   3.7799613    1.5263227
    1.5115196    4.3969073 ]
 [ 55.556454   -20.310345    -0.54980886   4.297645     1.7512519
    1.7116219    2.810802  ]
 [ 33.611748   -15.396766    -0.4999325    1.6887585    0.6060331
    1.7795615    2.8510437 ]
 [ 30.006624   -14.034887    -0.6954145    0.9421822    0.6630603
    1.8312305    1.7434726 ]
 [ 18.691595     0.26246306  -0.60045445   0.52606916   0.72673076
    1.6885896    4.24859   ]
 [ 40.529087    -7.082702    -0.39374036   0.7675724    0.61212814
    1.796815     6.2043924 ]
 [  1.8243059   10.619851    -0.7044055    0.49008095   0.65854317
    1.6485868    3.3555307 ]
 [ 30.395632    -3.7713184   -0.39590505   1.8628963    0.5849972
    1.6972861    6.11026   ]
 [  4.7784557  -12.701522    -0.6697192    0.570832     0.6889922
    1.6609225    0.97481024]
 [  6.8599052   10.152715    -0.6209249    0.52675956   0.4580466
    1.6140099    4.9978886 ]]
[0.9999193  0.9996265  0.9994461  0.9993869  0.98805016 0.98620427
 0.9664583  0.9474203  0.89872843 0.8409086  0.7959559  0.6214485
 0.4846998  0.42845172 0.42156017 0.41595823 0.39990228 0.39692792]
[1 1 1 1 1 1 1 1 1 1 3 2 2 2 2 3 2 2]
