[[21.554  0.028  0.938  0.34 ]
 [21.24   0.094  0.927  0.24 ]
 [21.056  0.159  0.921  0.53 ]
 ...
 [ 3.805 -1.433 -1.78   0.37 ]
 [ 3.731 -1.391 -1.741  0.07 ]
 [ 3.841 -1.419 -1.793  0.   ]]
[[ 14.729337    -1.0697284   -0.7886752    3.7133818    1.5742944
    1.473355     5.9638257 ]
 [  8.155062     1.2284672   -0.83391374   3.6470053    1.5567812
    1.5720282    2.8299513 ]
 [  3.9858463    2.6945136   -0.86719096   3.3474755    1.6137668
    1.5872877    6.002384  ]
 [  6.530801    -3.868189    -1.0616508    2.9842408    1.3959765
    1.4679219    5.986053  ]
 [ 40.92986     -9.814437    -0.56456745   3.8337147    1.6143137
    1.5886735    5.949171  ]
 [ 33.585503    -7.125784    -0.4449524    4.110452     1.7228788
    1.778478     2.839719  ]
 [ 20.227018    -8.476025    -0.900978     2.5252395    1.5288987
    1.5414791    5.9201527 ]
 [ 24.974667   -10.310312    -0.9712765    3.9087572    1.6942143
    1.4646201    5.812363  ]
 [ 55.627457   -20.239548    -0.51361626   4.309904     1.707918
    1.6049517    2.8219776 ]
 [ 28.835423    -1.3581134   -0.34442097   4.035443     1.5509629
    1.5144547    4.3867307 ]
 [ 33.599056   -15.384829    -0.5442695    1.7486374    0.5378675
    1.7413673    2.9632535 ]
 [ 37.19344     -6.126221    -0.3609598    0.67178756   0.654927
    1.8252436    6.2895584 ]
 [ 34.10485     -4.9238915   -0.36911845   0.604872     0.6689595
    1.8180835    6.190409  ]
 [ 30.345966    -3.728514    -0.40233275   1.8520747    0.55064005
    1.7339228    6.1950183 ]
 [  2.5115952    6.472965    -0.8472277    4.1225967    1.5695795
    1.4396037    2.7402165 ]
 [ 29.861546   -14.136819    -0.7157705    0.86714095   0.6613585
    1.8148007    2.6202543 ]
 [  0.3147055   -0.18869309  -0.9616148    3.642042     1.5767285
    1.5106702    6.1640606 ]
 [ 40.593636    -7.1139803   -0.40195093   0.66550493   0.65048975
    1.820538     6.2723217 ]]
[0.999845   0.9997862  0.9979875  0.99678457 0.99318975 0.9905145
 0.9632973  0.93935317 0.8998266  0.86711264 0.7343077  0.5371136
 0.5336571  0.4153635  0.28992197 0.28436634 0.19633703 0.15690021]
[1 1 1 1 1 1 1 1 1 1 3 2 2 3 1 2 1 2]
