/media/disk/02drive/05yueye/code/pcd2bin/bin/20200808090634_00002.bin
[[ 37.0791     -25.472937    -1.2465795    1.77532      0.58981615
    1.8546098    4.4285994 ]
 [ 22.969482   -39.192963    -0.38291004   3.7005265    1.5412612
    1.4306209    3.0236044 ]
 [ 18.857298    31.87916     -0.72264546   4.154671     1.6742936
    1.6586609    2.272835  ]
 [ 20.447403    39.283516    -0.6729588    3.8280568    1.5766743
    1.6149119    3.1816673 ]
 [  9.653145    15.023565    -2.0200074    4.648743     1.6680055
    1.481074     4.5550284 ]
 [ 23.225126    11.996326    -0.6951426    3.6304665    1.5825397
    1.5157083    3.3573768 ]
 [  1.1248393   21.556585    -0.6244745    3.9022355    1.5882988
    1.6046125    3.8180723 ]
 [ 16.37169      4.112098    -0.7805971    0.3342974    0.4838903
    1.8828977    1.2027631 ]
 [ 24.14925     24.172195    -0.7004558    4.053423     1.6269737
    1.565        3.2884197 ]]
[0.5802951  0.5146974  0.49584156 0.48450416 0.45652744 0.40644437
 0.4031472  0.34807515 0.31191888]
[3 1 1 1 1 1 1 2 1]
