/media/disk/02drive/Kitti_dataset/kitti/testing/velodyne/000008.bin
[[ 4.8127294e+00 -6.2756252e+00 -7.6977783e-01  3.6927552e+00
   1.5996603e+00  1.5166795e+00  4.9303555e+00]
 [ 2.2007038e+01 -1.2125645e+00 -9.0527457e-01  4.4102693e+00
   1.6681257e+00  1.4704132e+00  6.3574600e+00]
 [ 1.8469864e+01  1.2435320e+01 -1.1024768e+00  3.9477470e+00
   1.6373056e+00  1.6581529e+00  3.2209649e+00]
 [ 5.9679441e+00 -1.1060286e+01 -5.6499028e-01  4.1369157e+00
   1.6756144e+00  1.5692186e+00  4.9308968e+00]
 [ 7.3594265e+00  2.3078905e+01 -1.6784221e+00  3.6822391e+00
   1.5879637e+00  1.4210840e+00  6.8692832e+00]
 [ 2.7477783e+01 -1.0846432e+00 -9.0123278e-01  3.9140596e+00
   1.6116623e+00  1.5487968e+00  6.3539166e+00]
 [ 4.4401714e+01 -1.6127925e-01 -8.5715514e-01  3.9594707e+00
   1.6324760e+00  1.5825864e+00  6.2487936e+00]
 [ 2.3985367e+01  1.2769003e+01 -1.0195428e+00  4.4135594e+00
   1.7352685e+00  1.9962299e+00  6.3136735e+00]
 [ 1.6927038e+01 -2.2928158e+01 -1.2945409e-01  3.5259910e+00
   1.5442520e+00  1.4627970e+00  7.0087733e+00]
 [ 6.7577329e+00  2.9122250e+01 -1.7369820e+00  3.8869660e+00
   1.6264236e+00  1.4379847e+00  7.0352383e+00]
 [ 8.0182867e+00 -1.9236589e+01 -3.3369228e-01  3.8408322e+00
   1.6002916e+00  1.4850899e+00  5.0683846e+00]
 [ 1.8958263e+01 -4.5122290e+00 -7.3988086e-01  6.3886142e-01
   5.7854623e-01  1.5732819e+00  6.2043190e+00]
 [ 6.0981188e+00  3.1677103e+01 -1.7527316e+00  3.9986711e+00
   1.6337966e+00  1.4047908e+00  6.8808379e+00]
 [ 2.4990669e+01  5.4776220e+00 -5.6982952e-01  7.1343738e-01
   6.3054299e-01  1.9810681e+00  3.1818798e+00]
 [ 3.7445236e+01  5.1098776e+00 -8.3793670e-01  3.8043046e+00
   1.5963675e+00  1.5051329e+00  3.3226252e+00]
 [ 1.9825769e+01  2.7678463e+01 -4.9435219e-01  7.3733371e-01
   7.1101034e-01  1.6953367e+00  4.3396983e+00]
 [ 1.7655409e+01 -5.9402909e+00 -6.7489719e-01  7.8075057e-01
   6.3389915e-01  1.5677422e+00  5.8310528e+00]
 [ 3.0370945e+01  5.5819063e+00 -9.9243671e-01  4.4397430e+00
   1.6927757e+00  1.5174077e+00  4.5072322e+00]
 [ 6.9209218e+00  2.6249126e+01 -1.7708517e+00  4.0386257e+00
   1.6075424e+00  1.4580308e+00  3.8034637e+00]
 [ 5.4286785e+01 -1.5427809e+00 -4.7259614e-01  6.7625576e-01
   6.2644935e-01  1.7883787e+00  6.1440625e+00]
 [ 4.8706367e+01  4.9423041e+00 -1.0432236e+00  3.8787432e+00
   1.6034380e+00  1.4165163e+00  2.8457799e+00]
 [ 1.6049608e+01  5.6536388e+00 -9.3496966e-01  1.7927368e+00
   6.0177135e-01  1.6546273e+00  4.5152326e+00]
 [ 1.7604916e+01 -2.5829243e+01 -4.9415670e-02  4.0027804e+00
   1.6501386e+00  1.5796628e+00  7.7035856e-01]]
[0.9977354  0.99739057 0.9973507  0.99491537 0.9819369  0.97072226
 0.93163943 0.92696184 0.8092515  0.77096575 0.6654479  0.6198002
 0.5540551  0.4861738  0.47400442 0.4709047  0.46393847 0.4584657
 0.4469743  0.42175555 0.3719749  0.3538629  0.34916705]
[1 1 1 1 1 1 1 1 1 1 1 2 1 2 1 2 2 1 1 2 1 3 1]
