/media/disk/02drive/05yueye/code/pcd2bin/bin/20200808090634_00002.bin
[[25.621662   39.744904   -1.993023    3.770686    1.6016325   1.4517391
   4.2480435 ]
 [23.435354   12.081489   -0.8161192   3.7070873   1.6675628   1.6410776
   3.3116186 ]
 [ 0.31610698 27.278152   -1.2810689   3.6520112   1.6585025   1.4384391
   3.7831254 ]
 [22.364708   15.372431   -1.0373831   3.779709    1.5725694   1.5261794
   3.5599473 ]
 [31.94732    10.704334   -1.2061595   3.7850487   1.5448631   1.5071378
   5.276331  ]
 [30.12568    -5.033048   -0.80101234  0.5010849   0.5924702   1.9455756
   5.061203  ]
 [20.434952   39.587234   -0.6308245   3.634476    1.5810312   1.5728968
   3.058459  ]
 [35.096382   37.019707   -1.4806844   3.8054278   1.6755886   1.600427
   6.765159  ]
 [18.38502    28.804771   -0.7932229   4.1036553   1.6906798   1.7910925
   5.3511543 ]
 [ 1.2103113  33.67899    -0.7043821   3.4411273   1.5654579   1.4553227
   3.0298958 ]
 [34.739914    4.2567663  -0.6799618   4.082371    1.7287598   1.6039623
   1.9898005 ]]
[0.3994337  0.32318857 0.2943197  0.27975526 0.18899909 0.16630374
 0.16361983 0.16046995 0.15320559 0.12274358 0.11574459]
[1 1 1 1 1 2 1 1 1 1 1]
